<?xml version="1.0" encoding="UTF-8"?>
<!-- Generated by org.testng.reporters.JUnitXMLReporter -->
<testsuite ignored="0" hostname="DESKTOP-17DK6A8" failures="0" tests="2" name="Default test" time="11.535" errors="0" timestamp="2024-02-05T17:24:40 IST">
  <testcase classname="TestCase1.LoginTestCase" name="loginWithInvalidUsernameAndValidPassword" time="0.229"/>
  <testcase classname="TestCase1.LoginTestCase" name="loginWithValidUsernameAndVaildPassword" time="0.26"/>
</testsuite> <!-- Default test -->
