<?xml version="1.0" encoding="UTF-8"?>
<!-- Generated by org.testng.reporters.JUnitXMLReporter -->
<testsuite ignored="0" hostname="DESKTOP-17DK6A8" failures="0" tests="5" name="Test" time="34.111" errors="0" timestamp="2024-01-28T00:49:35 IST">
  <testcase classname="TestCase1.LoginTestCase" name="loginWithValidUsernameAndVaildPassword" time="3.692"/>
  <testcase classname="TestCase1.LoginTestCase" name="loginWithInvalidUsernameAndValidPassword" time="0.738"/>
  <testcase classname="TestCase1.LoginTestCase" name="loginWithValidUsernameAndInVadPassword1" time="0.635"/>
  <testcase classname="TestCase1.LoginTestCase" name="loginWithNoUserNameAndNoPassword" time="0.269"/>
  <testcase classname="TestCase1.RegisterTestCase" name="registerWithAllTheTestCaseFields" time="15.286"/>
</testsuite> <!-- Test -->
